#-----------------------------------------------------------
# Vivado v2019.1 (64-bit)
# SW Build 2552052 on Fri May 24 14:49:42 MDT 2019
# IP Build 2548770 on Fri May 24 18:01:18 MDT 2019
# Start of session at: Thu Oct 24 22:34:09 2019
# Process ID: 16760
# Current directory: C:/Users/周半仙/Desktop/计组/Computer_composition/verilog/proj1_door
# Command line: vivado.exe -gui_launcher_event rodinguilauncherevent3920 C:\Users\周半仙\Desktop\计组\Computer_composition\verilog\proj1_door\proj1_door.xpr
# Log file: C:/Users/周半仙/Desktop/计组/Computer_composition/verilog/proj1_door/vivado.log
# Journal file: C:/Users/周半仙/Desktop/计组/Computer_composition/verilog/proj1_door\vivado.jou
#-----------------------------------------------------------
start_gui
open_project C:/Users/周半仙/Desktop/计组/Computer_composition/verilog/proj1_door/proj1_door.xpr
INFO: [Project 1-313] Project file moved from 'D:/test verilog/proj1_door' since last save.
Scanning sources...
Finished scanning sources
INFO: [IP_Flow 19-234] Refreshing IP repositories
INFO: [IP_Flow 19-1704] No user IP repositories specified
INFO: [IP_Flow 19-2313] Loaded Vivado IP repository 'C:/Xilinx/Vivado/2019.1/data/ip'.
open_project: Time (s): cpu = 00:00:20 ; elapsed = 00:00:08 . Memory (MB): peak = 727.059 ; gain = 100.754
update_compile_order -fileset sources_1
exit
INFO: [Common 17-206] Exiting Vivado at Thu Oct 24 22:34:54 2019...
